2025-01-02T13:06:19.972Z [error]: Error connecting to MongoDB: bad auth : authentication failed - MongoServerError: bad auth : authentication failed
    at Connection.sendCommand (C:\Users\TUF\OneDrive\Desktop\TREATME\server\node_modules\mongodb\src\cmap\connection.ts:545:17)
    at processTicksAndRejections (node:internal/process/task_queues:95:5)
    at Connection.command (C:\Users\TUF\OneDrive\Desktop\TREATME\server\node_modules\mongodb\src\cmap\connection.ts:617:22)
    at continueScramConversation (C:\Users\TUF\OneDrive\Desktop\TREATME\server\node_modules\mongodb\src\cmap\auth\scram.ts:187:13)
    at executeScram (C:\Users\TUF\OneDrive\Desktop\TREATME\server\node_modules\mongodb\src\cmap\auth\scram.ts:114:3)
    at ScramSHA1.auth (C:\Users\TUF\OneDrive\Desktop\TREATME\server\node_modules\mongodb\src\cmap\auth\scram.ts:60:12)
    at performInitialHandshake (C:\Users\TUF\OneDrive\Desktop\TREATME\server\node_modules\mongodb\src\cmap\connect.ts:164:7)
    at connect (C:\Users\TUF\OneDrive\Desktop\TREATME\server\node_modules\mongodb\src\cmap\connect.ts:43:5)
2025-01-02T13:06:24.950Z [error]: Error connecting to MongoDB: bad auth : authentication failed - MongoServerError: bad auth : authentication failed
    at Connection.sendCommand (C:\Users\TUF\OneDrive\Desktop\TREATME\server\node_modules\mongodb\src\cmap\connection.ts:545:17)
    at processTicksAndRejections (node:internal/process/task_queues:95:5)
    at Connection.command (C:\Users\TUF\OneDrive\Desktop\TREATME\server\node_modules\mongodb\src\cmap\connection.ts:617:22)
    at continueScramConversation (C:\Users\TUF\OneDrive\Desktop\TREATME\server\node_modules\mongodb\src\cmap\auth\scram.ts:187:13)
    at executeScram (C:\Users\TUF\OneDrive\Desktop\TREATME\server\node_modules\mongodb\src\cmap\auth\scram.ts:114:3)
    at ScramSHA1.auth (C:\Users\TUF\OneDrive\Desktop\TREATME\server\node_modules\mongodb\src\cmap\auth\scram.ts:60:12)
    at performInitialHandshake (C:\Users\TUF\OneDrive\Desktop\TREATME\server\node_modules\mongodb\src\cmap\connect.ts:164:7)
    at connect (C:\Users\TUF\OneDrive\Desktop\TREATME\server\node_modules\mongodb\src\cmap\connect.ts:43:5)
2025-01-02T13:07:30.433Z [error]: Error connecting to MongoDB: bad auth : authentication failed - MongoServerError: bad auth : authentication failed
    at Connection.sendCommand (C:\Users\TUF\OneDrive\Desktop\TREATME\server\node_modules\mongodb\src\cmap\connection.ts:545:17)
    at processTicksAndRejections (node:internal/process/task_queues:95:5)
    at Connection.command (C:\Users\TUF\OneDrive\Desktop\TREATME\server\node_modules\mongodb\src\cmap\connection.ts:617:22)
    at continueScramConversation (C:\Users\TUF\OneDrive\Desktop\TREATME\server\node_modules\mongodb\src\cmap\auth\scram.ts:187:13)
    at executeScram (C:\Users\TUF\OneDrive\Desktop\TREATME\server\node_modules\mongodb\src\cmap\auth\scram.ts:114:3)
    at ScramSHA1.auth (C:\Users\TUF\OneDrive\Desktop\TREATME\server\node_modules\mongodb\src\cmap\auth\scram.ts:60:12)
    at performInitialHandshake (C:\Users\TUF\OneDrive\Desktop\TREATME\server\node_modules\mongodb\src\cmap\connect.ts:164:7)
    at connect (C:\Users\TUF\OneDrive\Desktop\TREATME\server\node_modules\mongodb\src\cmap\connect.ts:43:5)
2025-01-02T13:09:28.814Z [error]: Error connecting to MongoDB: bad auth : authentication failed - MongoServerError: bad auth : authentication failed
    at Connection.sendCommand (C:\Users\TUF\OneDrive\Desktop\TREATME\server\node_modules\mongodb\src\cmap\connection.ts:545:17)
    at processTicksAndRejections (node:internal/process/task_queues:95:5)
    at Connection.command (C:\Users\TUF\OneDrive\Desktop\TREATME\server\node_modules\mongodb\src\cmap\connection.ts:617:22)
    at continueScramConversation (C:\Users\TUF\OneDrive\Desktop\TREATME\server\node_modules\mongodb\src\cmap\auth\scram.ts:187:13)
    at executeScram (C:\Users\TUF\OneDrive\Desktop\TREATME\server\node_modules\mongodb\src\cmap\auth\scram.ts:114:3)
    at ScramSHA1.auth (C:\Users\TUF\OneDrive\Desktop\TREATME\server\node_modules\mongodb\src\cmap\auth\scram.ts:60:12)
    at performInitialHandshake (C:\Users\TUF\OneDrive\Desktop\TREATME\server\node_modules\mongodb\src\cmap\connect.ts:164:7)
    at connect (C:\Users\TUF\OneDrive\Desktop\TREATME\server\node_modules\mongodb\src\cmap\connect.ts:43:5)
2025-01-02T13:15:59.485Z [error]: Error connecting to MongoDB: bad auth : authentication failed - MongoServerError: bad auth : authentication failed
    at Connection.sendCommand (C:\Users\TUF\OneDrive\Desktop\TREATME\server\node_modules\mongodb\src\cmap\connection.ts:545:17)
    at processTicksAndRejections (node:internal/process/task_queues:95:5)
    at Connection.command (C:\Users\TUF\OneDrive\Desktop\TREATME\server\node_modules\mongodb\src\cmap\connection.ts:617:22)
    at continueScramConversation (C:\Users\TUF\OneDrive\Desktop\TREATME\server\node_modules\mongodb\src\cmap\auth\scram.ts:187:13)
    at executeScram (C:\Users\TUF\OneDrive\Desktop\TREATME\server\node_modules\mongodb\src\cmap\auth\scram.ts:114:3)
    at ScramSHA1.auth (C:\Users\TUF\OneDrive\Desktop\TREATME\server\node_modules\mongodb\src\cmap\auth\scram.ts:60:12)
    at performInitialHandshake (C:\Users\TUF\OneDrive\Desktop\TREATME\server\node_modules\mongodb\src\cmap\connect.ts:164:7)
    at connect (C:\Users\TUF\OneDrive\Desktop\TREATME\server\node_modules\mongodb\src\cmap\connect.ts:43:5)
